<?xml version="1.0" encoding="UTF-8"?>
<!-- Generated by org.testng.reporters.JUnitReportReporter -->
<testsuite skipped="0" hostname="john-PC" name="DiverFactory.DataDrivenFramework" tests="1" failures="0" timestamp="27 Aug 2019 02:18:11 GMT" time="57.421" errors="0">
  <testcase name="verifyLogin" time="57.421" classname="DiverFactory.DataDrivenFramework"/>
</testsuite> <!-- DiverFactory.DataDrivenFramework -->
