<?xml version="1.0" encoding="UTF-8"?>
<!-- Generated by org.testng.reporters.JUnitReportReporter -->
<testsuite skipped="0" hostname="john-PC" name="DiverFactory.AppTest" tests="1" failures="0" timestamp="26 Aug 2019 04:54:32 GMT" time="1.139" errors="0">
  <testcase name="kickStart" time="1.139" classname="DiverFactory.AppTest"/>
</testsuite> <!-- DiverFactory.AppTest -->
